This is XeTeX, Version 3.141592653-2.6-0.999996 (MiKTeX 24.4) (preloaded format=xelatex 2024.8.1)  2 DEC 2024 09:36
entering extended mode
 restricted \write18 enabled.
 file:line:error style messages enabled.
 %&-line parsing enabled.
**./深度学习讲故事.tex
(深度学习讲故事.tex
LaTeX2e <2024-06-01> patch level 2
L3 programming layer <2024-05-27>
(elegantpaper.cls
Document Class: elegantpaper 2022/12/31 v0.11 ElegantLaTeX Paper class
(D:\Program\Miktex\tex/latex/kvoptions\kvoptions.sty
Package: kvoptions 2022-06-15 v3.15 Key value format for package options (HO)

(D:\Program\Miktex\tex/latex/graphics\keyval.sty
Package: keyval 2022/05/29 v1.15 key=value parser (DPC)
\KV@toks@=\toks17
)
(D:\Program\Miktex\tex/generic/ltxcmds\ltxcmds.sty
Package: ltxcmds 2023-12-04 v1.26 LaTeX kernel commands for general use (HO)
)
(D:\Program\Miktex\tex/latex/kvsetkeys\kvsetkeys.sty
Package: kvsetkeys 2022-10-05 v1.19 Key value parser (HO)
))
(D:\Program\Miktex\tex/latex/etoolbox\etoolbox.sty
Package: etoolbox 2020/10/05 v2.5k e-TeX tools for LaTeX (JAW)
\etb@tempcnta=\count190
)
(D:\Program\Miktex\tex/latex/tools\calc.sty
Package: calc 2023/07/08 v4.3 Infix arithmetic (KKT,FJ)
\calc@Acount=\count191
\calc@Bcount=\count192
\calc@Adimen=\dimen141
\calc@Bdimen=\dimen142
\calc@Askip=\skip49
\calc@Bskip=\skip50
LaTeX Info: Redefining \setlength on input line 80.
LaTeX Info: Redefining \addtolength on input line 81.
\calc@Ccount=\count193
\calc@Cskip=\skip51
)
(D:\Program\Miktex\tex/latex/base\article.cls
Document Class: article 2024/02/08 v1.4n Standard LaTeX document class
(D:\Program\Miktex\tex/latex/base\size10.clo
File: size10.clo 2024/02/08 v1.4n Standard LaTeX file (size option)
)
\c@part=\count194
\c@section=\count195
\c@subsection=\count196
\c@subsubsection=\count197
\c@paragraph=\count198
\c@subparagraph=\count199
\c@figure=\count266
\c@table=\count267
\abovecaptionskip=\skip52
\belowcaptionskip=\skip53
\bibindent=\dimen143
)
(D:\Program\Miktex\tex/latex/hyperref\hyperref.sty
Package: hyperref 2024-07-10 v7.01j Hypertext links for LaTeX

(D:\Program\Miktex\tex/generic/iftex\iftex.sty
Package: iftex 2022/02/03 v1.0f TeX engine tests
)
(D:\Program\Miktex\tex/generic/kvdefinekeys\kvdefinekeys.sty
Package: kvdefinekeys 2019-12-19 v1.6 Define keys (HO)
)
(D:\Program\Miktex\tex/generic/pdfescape\pdfescape.sty
Package: pdfescape 2019/12/09 v1.15 Implements pdfTeX's escape features (HO)

(D:\Program\Miktex\tex/generic/pdftexcmds\pdftexcmds.sty
Package: pdftexcmds 2020-06-27 v0.33 Utility functions of pdfTeX for LuaTeX (HO
)

(D:\Program\Miktex\tex/generic/infwarerr\infwarerr.sty
Package: infwarerr 2019/12/03 v1.5 Providing info/warning/error messages (HO)
)
Package pdftexcmds Info: \pdf@primitive is available.
Package pdftexcmds Info: \pdf@ifprimitive is available.
Package pdftexcmds Info: \pdfdraftmode not found.
))
(D:\Program\Miktex\tex/latex/hycolor\hycolor.sty
Package: hycolor 2020-01-27 v1.10 Color options for hyperref/bookmark (HO)
)
(D:\Program\Miktex\tex/latex/hyperref\nameref.sty
Package: nameref 2023-11-26 v2.56 Cross-referencing by name of section

(D:\Program\Miktex\tex/latex/refcount\refcount.sty
Package: refcount 2019/12/15 v3.6 Data extraction from label references (HO)
)
(D:\Program\Miktex\tex/generic/gettitlestring\gettitlestring.sty
Package: gettitlestring 2019/12/15 v1.6 Cleanup title references (HO)
)
\c@section@level=\count268
)
(D:\Program\Miktex\tex/generic/stringenc\stringenc.sty
Package: stringenc 2019/11/29 v1.12 Convert strings between diff. encodings (HO
)
)
\@linkdim=\dimen144
\Hy@linkcounter=\count269
\Hy@pagecounter=\count270

(D:\Program\Miktex\tex/latex/hyperref\pd1enc.def
File: pd1enc.def 2024-07-10 v7.01j Hyperref: PDFDocEncoding definition (HO)
)
(D:\Program\Miktex\tex/generic/intcalc\intcalc.sty
Package: intcalc 2019/12/15 v1.3 Expandable calculations with integers (HO)
)
\Hy@SavedSpaceFactor=\count271

(D:\Program\Miktex\tex/latex/hyperref\puenc.def
File: puenc.def 2024-07-10 v7.01j Hyperref: PDF Unicode definition (HO)
)
Package hyperref Info: Hyper figures OFF on input line 4157.
Package hyperref Info: Link nesting OFF on input line 4162.
Package hyperref Info: Hyper index ON on input line 4165.
Package hyperref Info: Plain pages OFF on input line 4172.
Package hyperref Info: Backreferencing OFF on input line 4177.
Package hyperref Info: Implicit mode ON; LaTeX internals redefined.
Package hyperref Info: Bookmarks ON on input line 4424.
\c@Hy@tempcnt=\count272

(D:\Program\Miktex\tex/latex/url\url.sty
\Urlmuskip=\muskip17
Package: url 2013/09/16  ver 3.4  Verb mode for urls, etc.
)
LaTeX Info: Redefining \url on input line 4763.
\XeTeXLinkMargin=\dimen145

(D:\Program\Miktex\tex/generic/bitset\bitset.sty
Package: bitset 2019/12/09 v1.3 Handle bit-vector datatype (HO)

(D:\Program\Miktex\tex/generic/bigintcalc\bigintcalc.sty
Package: bigintcalc 2019/12/15 v1.5 Expandable calculations on big integers (HO
)
))
\Fld@menulength=\count273
\Field@Width=\dimen146
\Fld@charsize=\dimen147
Package hyperref Info: Hyper figures OFF on input line 6042.
Package hyperref Info: Link nesting OFF on input line 6047.
Package hyperref Info: Hyper index ON on input line 6050.
Package hyperref Info: backreferencing OFF on input line 6057.
Package hyperref Info: Link coloring OFF on input line 6062.
Package hyperref Info: Link coloring with OCG OFF on input line 6067.
Package hyperref Info: PDF/A mode OFF on input line 6072.

(D:\Program\Miktex\tex/latex/base\atbegshi-ltx.sty
Package: atbegshi-ltx 2021/01/10 v1.0c Emulation of the original atbegshi
package with kernel methods
)
\Hy@abspage=\count274
\c@Item=\count275
\c@Hfootnote=\count276
)
Package hyperref Info: Driver (autodetected): hxetex.

(D:\Program\Miktex\tex/latex/hyperref\hxetex.def
File: hxetex.def 2024-07-10 v7.01j Hyperref driver for XeTeX
\pdfm@box=\box52
\c@Hy@AnnotLevel=\count277
\HyField@AnnotCount=\count278
\Fld@listcount=\count279
\c@bookmark@seq@number=\count280

(D:\Program\Miktex\tex/latex/rerunfilecheck\rerunfilecheck.sty
Package: rerunfilecheck 2022-07-10 v1.10 Rerun checks for auxiliary files (HO)

(D:\Program\Miktex\tex/latex/base\atveryend-ltx.sty
Package: atveryend-ltx 2020/08/19 v1.0a Emulation of the original atveryend pac
kage
with kernel methods
)
(D:\Program\Miktex\tex/generic/uniquecounter\uniquecounter.sty
Package: uniquecounter 2019/12/15 v1.4 Provide unlimited unique counter (HO)
)
Package uniquecounter Info: New unique counter `rerunfilecheck' on input line 2
85.
)
\Hy@SectionHShift=\skip54
)
Package hyperref Info: Option `colorlinks' set `true' on input line 54.

(D:\Program\Miktex\tex/latex/geometry\geometry.sty
Package: geometry 2020/01/02 v5.9 Page Geometry

(D:\Program\Miktex\tex/generic/iftex\ifvtex.sty
Package: ifvtex 2019/10/25 v1.7 ifvtex legacy package. Use iftex instead.
)
\Gm@cnth=\count281
\Gm@cntv=\count282
\c@Gm@tempcnt=\count283
\Gm@bindingoffset=\dimen148
\Gm@wd@mp=\dimen149
\Gm@odd@mp=\dimen150
\Gm@even@mp=\dimen151
\Gm@layoutwidth=\dimen152
\Gm@layoutheight=\dimen153
\Gm@layouthoffset=\dimen154
\Gm@layoutvoffset=\dimen155
\Gm@dimlist=\toks18

(D:\Program\Miktex\tex/latex/geometry\geometry.cfg))
(D:\Program\Miktex\tex/latex/amscls\amsthm.sty
Package: amsthm 2020/05/29 v2.20.6
\thm@style=\toks19
\thm@bodyfont=\toks20
\thm@headfont=\toks21
\thm@notefont=\toks22
\thm@headpunct=\toks23
\thm@preskip=\skip55
\thm@postskip=\skip56
\thm@headsep=\skip57
\dth@everypar=\toks24
)
(D:\Program\Miktex\tex/latex/amsmath\amsmath.sty
Package: amsmath 2024/05/23 v2.17q AMS math features
\@mathmargin=\skip58

For additional information on amsmath, use the `?' option.
(D:\Program\Miktex\tex/latex/amsmath\amstext.sty
Package: amstext 2021/08/26 v2.01 AMS text

(D:\Program\Miktex\tex/latex/amsmath\amsgen.sty
File: amsgen.sty 1999/11/30 v2.0 generic functions
\@emptytoks=\toks25
\ex@=\dimen156
))
(D:\Program\Miktex\tex/latex/amsmath\amsbsy.sty
Package: amsbsy 1999/11/29 v1.2d Bold Symbols
\pmbraise@=\dimen157
)
(D:\Program\Miktex\tex/latex/amsmath\amsopn.sty
Package: amsopn 2022/04/08 v2.04 operator names
)
\inf@bad=\count284
LaTeX Info: Redefining \frac on input line 233.
\uproot@=\count285
\leftroot@=\count286
LaTeX Info: Redefining \overline on input line 398.
LaTeX Info: Redefining \colon on input line 409.
\classnum@=\count287
\DOTSCASE@=\count288
LaTeX Info: Redefining \ldots on input line 495.
LaTeX Info: Redefining \dots on input line 498.
LaTeX Info: Redefining \cdots on input line 619.
\Mathstrutbox@=\box53
\strutbox@=\box54
LaTeX Info: Redefining \big on input line 721.
LaTeX Info: Redefining \Big on input line 722.
LaTeX Info: Redefining \bigg on input line 723.
LaTeX Info: Redefining \Bigg on input line 724.
\big@size=\dimen158
LaTeX Font Info:    Redeclaring font encoding OML on input line 742.
LaTeX Font Info:    Redeclaring font encoding OMS on input line 743.
\macc@depth=\count289
LaTeX Info: Redefining \bmod on input line 904.
LaTeX Info: Redefining \pmod on input line 909.
LaTeX Info: Redefining \smash on input line 939.
LaTeX Info: Redefining \relbar on input line 969.
LaTeX Info: Redefining \Relbar on input line 970.
\c@MaxMatrixCols=\count290
\dotsspace@=\muskip18
\c@parentequation=\count291
\dspbrk@lvl=\count292
\tag@help=\toks26
\row@=\count293
\column@=\count294
\maxfields@=\count295
\andhelp@=\toks27
\eqnshift@=\dimen159
\alignsep@=\dimen160
\tagshift@=\dimen161
\tagwidth@=\dimen162
\totwidth@=\dimen163
\lineht@=\dimen164
\@envbody=\toks28
\multlinegap=\skip59
\multlinetaggap=\skip60
\mathdisplay@stack=\toks29
LaTeX Info: Redefining \[ on input line 2953.
LaTeX Info: Redefining \] on input line 2954.
)
(D:\Program\Miktex\tex/latex/amsfonts\amssymb.sty
Package: amssymb 2013/01/14 v3.01 AMS font symbols

(D:\Program\Miktex\tex/latex/amsfonts\amsfonts.sty
Package: amsfonts 2013/01/14 v3.01 Basic AMSFonts support
\symAMSa=\mathgroup4
\symAMSb=\mathgroup5
LaTeX Font Info:    Redeclaring math symbol \hbar on input line 98.
LaTeX Font Info:    Overwriting math alphabet `\mathfrak' in version `bold'
(Font)                  U/euf/m/n --> U/euf/b/n on input line 106.
))
(D:\Program\Miktex\tex/latex/tools\indentfirst.sty
Package: indentfirst 2023/07/02 v1.03 Indent first paragraph (DPC)
)
(D:\Program\Miktex\tex/latex/booktabs\booktabs.sty
Package: booktabs 2020/01/12 v1.61803398 Publication quality tables
\heavyrulewidth=\dimen165
\lightrulewidth=\dimen166
\cmidrulewidth=\dimen167
\belowrulesep=\dimen168
\belowbottomsep=\dimen169
\aboverulesep=\dimen170
\abovetopsep=\dimen171
\cmidrulesep=\dimen172
\cmidrulekern=\dimen173
\defaultaddspace=\dimen174
\@cmidla=\count296
\@cmidlb=\count297
\@aboverulesep=\dimen175
\@belowrulesep=\dimen176
\@thisruleclass=\count298
\@lastruleclass=\count299
\@thisrulewidth=\dimen177
)
(D:\Program\Miktex\tex/latex/tools\multicol.sty
Package: multicol 2024/05/23 v1.9h multicolumn formatting (FMi)
\c@tracingmulticols=\count300
\mult@box=\box55
\multicol@leftmargin=\dimen178
\c@unbalance=\count301
\c@collectmore=\count302
\doublecol@number=\count303
\multicoltolerance=\count304
\multicolpretolerance=\count305
\full@width=\dimen179
\page@free=\dimen180
\premulticols=\dimen181
\postmulticols=\dimen182
\multicolsep=\skip61
\multicolbaselineskip=\skip62
\partial@page=\box56
\last@line=\box57
\mc@boxedresult=\box58
\maxbalancingoverflow=\dimen183
\mult@rightbox=\box59
\mult@grightbox=\box60
\mult@firstbox=\box61
\mult@gfirstbox=\box62
\@tempa=\box63
\@tempa=\box64
\@tempa=\box65
\@tempa=\box66
\@tempa=\box67
\@tempa=\box68
\@tempa=\box69
\@tempa=\box70
\@tempa=\box71
\@tempa=\box72
\@tempa=\box73
\@tempa=\box74
\@tempa=\box75
\@tempa=\box76
\@tempa=\box77
\@tempa=\box78
\@tempa=\box79
\@tempa=\box80
\@tempa=\box81
\@tempa=\box82
\@tempa=\box83
\@tempa=\box84
\@tempa=\box85
\@tempa=\box86
\@tempa=\box87
\@tempa=\box88
\@tempa=\box89
\@tempa=\box90
\@tempa=\box91
\@tempa=\box92
\@tempa=\box93
\@tempa=\box94
\@tempa=\box95
\@tempa=\box96
\@tempa=\box97
\@tempa=\box98
\c@minrows=\count306
\c@columnbadness=\count307
\c@finalcolumnbadness=\count308
\last@try=\dimen184
\multicolovershoot=\dimen185
\multicolundershoot=\dimen186
\mult@nat@firstbox=\box99
\colbreak@box=\box100
\mc@col@check@num=\count309
)
(D:\Program\Miktex\tex/latex/multirow\multirow.sty
Package: multirow 2021/03/15 v2.8 Span multiple rows of a table
\multirow@colwidth=\skip63
\multirow@cntb=\count310
\multirow@dima=\skip64
\bigstrutjot=\dimen187
)
(D:\Program\Miktex\tex/latex/xcolor\xcolor.sty
Package: xcolor 2023/11/15 v3.01 LaTeX color extensions (UK)

(D:\Program\Miktex\tex/latex/graphics-cfg\color.cfg
File: color.cfg 2016/01/02 v1.6 sample color configuration
)
Package xcolor Info: Driver file: xetex.def on input line 274.

(D:\Program\Miktex\tex/latex/graphics-def\xetex.def
File: xetex.def 2022/09/22 v5.0n Graphics/color driver for xetex
)
(D:\Program\Miktex\tex/latex/graphics\mathcolor.ltx)
Package xcolor Info: Model `cmy' substituted by `cmy0' on input line 1350.
Package xcolor Info: Model `RGB' extended on input line 1366.
Package xcolor Info: Model `HTML' substituted by `rgb' on input line 1368.
Package xcolor Info: Model `Hsb' substituted by `hsb' on input line 1369.
Package xcolor Info: Model `tHsb' substituted by `hsb' on input line 1370.
Package xcolor Info: Model `HSB' substituted by `hsb' on input line 1371.
Package xcolor Info: Model `Gray' substituted by `gray' on input line 1372.
Package xcolor Info: Model `wave' substituted by `hsb' on input line 1373.
)
(D:\Program\Miktex\tex/latex/graphics\graphicx.sty
Package: graphicx 2021/09/16 v1.2d Enhanced LaTeX Graphics (DPC,SPQR)

(D:\Program\Miktex\tex/latex/graphics\graphics.sty
Package: graphics 2024/05/23 v1.4g Standard LaTeX Graphics (DPC,SPQR)

(D:\Program\Miktex\tex/latex/graphics\trig.sty
Package: trig 2023/12/02 v1.11 sin cos tan (DPC)
)
(D:\Program\Miktex\tex/latex/graphics-cfg\graphics.cfg
File: graphics.cfg 2016/06/04 v1.11 sample graphics configuration
)
Package graphics Info: Driver file: xetex.def on input line 106.
)
\Gin@req@height=\dimen188
\Gin@req@width=\dimen189
)
(D:\Program\Miktex\tex/latex/caption\subcaption.sty
Package: subcaption 2023/07/28 v1.6b Sub-captions (AR)

(D:\Program\Miktex\tex/latex/caption\caption.sty
Package: caption 2023/08/05 v3.6o Customizing captions (AR)

(D:\Program\Miktex\tex/latex/caption\caption3.sty
Package: caption3 2023/07/31 v2.4d caption3 kernel (AR)
\caption@tempdima=\dimen190
\captionmargin=\dimen191
\caption@leftmargin=\dimen192
\caption@rightmargin=\dimen193
\caption@width=\dimen194
\caption@indent=\dimen195
\caption@parindent=\dimen196
\caption@hangindent=\dimen197
Package caption Info: Standard document class detected.
)
\c@caption@flags=\count311
\c@continuedfloat=\count312
Package caption Info: hyperref package is loaded.
)
Package caption Info: New subtype `subfigure' on input line 238.
\c@subfigure=\count313
Package caption Info: New subtype `subtable' on input line 238.
\c@subtable=\count314
)
(D:\Program\Miktex\tex/latex/fancyvrb\fancyvrb.sty
Package: fancyvrb 2024/01/20 4.5c verbatim text (tvz,hv)
\FV@CodeLineNo=\count315
\FV@InFile=\read2
\FV@TabBox=\box101
\c@FancyVerbLine=\count316
\FV@StepNumber=\count317
\FV@OutFile=\write3
)
(D:\Program\Miktex\tex/latex/abstract\abstract.sty
Package: abstract 2009/06/08 v1.2a configurable abstracts
\abstitleskip=\skip65
\absleftindent=\skip66
\absrightindent=\skip67
\absparindent=\skip68
\absparsep=\skip69
)
(D:\Program\Miktex\tex/generic/hologo\hologo.sty
Package: hologo 2021-11-16 v1.15 A logo collection with bookmark support (HO)
)
(D:\Program\Miktex\tex/latex/enumitem\enumitem.sty
Package: enumitem 2019/06/20 v3.9 Customized lists
\labelindent=\skip70
\enit@outerparindent=\dimen198
\enit@toks=\toks30
\enit@inbox=\box102
\enit@count@id=\count318
\enitdp@description=\count319
)
(D:\Program\Miktex\tex/latex/fontspec\fontspec.sty
(D:\Program\Miktex\tex/latex/l3packages/xparse\xparse.sty
(D:\Program\Miktex\tex/latex/l3kernel\expl3.sty
Package: expl3 2024-05-27 L3 programming layer (loader) 

(D:\Program\Miktex\tex/latex/l3backend\l3backend-xetex.def
File: l3backend-xetex.def 2024-05-08 L3 backend support: XeTeX
\g__graphics_track_int=\count320
\l__pdf_internal_box=\box103
\g__pdf_backend_annotation_int=\count321
\g__pdf_backend_link_int=\count322
))
Package: xparse 2024-05-08 L3 Experimental document command parser
)
Package: fontspec 2024/05/11 v2.9e Font selection for XeLaTeX and LuaLaTeX

(D:\Program\Miktex\tex/latex/fontspec\fontspec-xetex.sty
Package: fontspec-xetex 2024/05/11 v2.9e Font selection for XeLaTeX and LuaLaTe
X
\l__fontspec_script_int=\count323
\l__fontspec_language_int=\count324
\l__fontspec_strnum_int=\count325
\l__fontspec_tmp_int=\count326
\l__fontspec_tmpa_int=\count327
\l__fontspec_tmpb_int=\count328
\l__fontspec_tmpc_int=\count329
\l__fontspec_em_int=\count330
\l__fontspec_emdef_int=\count331
\l__fontspec_strong_int=\count332
\l__fontspec_strongdef_int=\count333
\l__fontspec_tmpa_dim=\dimen199
\l__fontspec_tmpb_dim=\dimen256
\l__fontspec_tmpc_dim=\dimen257

(D:\Program\Miktex\tex/latex/base\fontenc.sty
Package: fontenc 2021/04/29 v2.0v Standard LaTeX package
)
(D:\Program\Miktex\tex/latex/fontspec\fontspec.cfg)))
LaTeX Font Info:    Font shape `TU/texgyretermes(0)/m/n' will be
(Font)              scaled to size 10.0pt on input line 120.

(D:\Program\Miktex\tex/latex/ctex\ctex.sty
Package: ctex 2022/07/14 v2.5.10 Chinese adapter in LaTeX (CTEX)

(D:\Program\Miktex\tex/latex/ctex\ctexhook.sty
Package: ctexhook 2022/07/14 v2.5.10 Document and package hooks (CTEX)
)
(D:\Program\Miktex\tex/latex/ctex\ctexpatch.sty
Package: ctexpatch 2022/07/14 v2.5.10 Patching commands (CTEX)
)
(D:\Program\Miktex\tex/latex/base\fix-cm.sty
Package: fix-cm 2020/11/24 v1.1t fixes to LaTeX

(D:\Program\Miktex\tex/latex/base\ts1enc.def
File: ts1enc.def 2001/06/05 v3.0e (jk/car/fm) Standard LaTeX file
LaTeX Font Info:    Redeclaring font encoding TS1 on input line 47.
))
\l__ctex_tmp_int=\count334
\l__ctex_tmp_box=\box104
\l__ctex_tmp_dim=\dimen258
\g__ctex_section_depth_int=\count335
\g__ctex_font_size_int=\count336

(D:\Program\Miktex\tex/latex/ctex/config\ctexopts.cfg
File: ctexopts.cfg 2022/07/14 v2.5.10 Option configuration file (CTEX)
)
(D:\Program\Miktex\tex/latex/ctex/engine\ctex-engine-xetex.def
File: ctex-engine-xetex.def 2022/07/14 v2.5.10 XeLaTeX adapter (CTEX)

(D:\Program\Miktex\tex/xelatex/xecjk\xeCJK.sty
Package: xeCJK 2022/08/05 v3.9.1 Typesetting CJK scripts with XeLaTeX

(D:\Program\Miktex\tex/latex/l3packages/xtemplate\xtemplate.sty
Package: xtemplate 2024-05-08 L3 Experimental prototype document functions
)
\l__xeCJK_tmp_int=\count337
\l__xeCJK_tmp_box=\box105
\l__xeCJK_tmp_dim=\dimen259
\l__xeCJK_tmp_skip=\skip71
\g__xeCJK_space_factor_int=\count338
\l__xeCJK_begin_int=\count339
\l__xeCJK_end_int=\count340
\c__xeCJK_CJK_class_int=\XeTeXcharclass1
\c__xeCJK_FullLeft_class_int=\XeTeXcharclass2
\c__xeCJK_FullRight_class_int=\XeTeXcharclass3
\c__xeCJK_HalfLeft_class_int=\XeTeXcharclass4
\c__xeCJK_HalfRight_class_int=\XeTeXcharclass5
\c__xeCJK_NormalSpace_class_int=\XeTeXcharclass6
\c__xeCJK_CM_class_int=\XeTeXcharclass7
\c__xeCJK_HangulJamo_class_int=\XeTeXcharclass8
\l__xeCJK_last_skip=\skip72
\c__xeCJK_none_node=\count341
\g__xeCJK_node_int=\count342
\c__xeCJK_CJK_node_dim=\dimen260
\c__xeCJK_CJK-space_node_dim=\dimen261
\c__xeCJK_default_node_dim=\dimen262
\c__xeCJK_CJK-widow_node_dim=\dimen263
\c__xeCJK_normalspace_node_dim=\dimen264
\c__xeCJK_default-space_node_skip=\skip73
\l__xeCJK_ccglue_skip=\skip74
\l__xeCJK_ecglue_skip=\skip75
\l__xeCJK_punct_kern_skip=\skip76
\l__xeCJK_indent_box=\box106
\l__xeCJK_last_penalty_int=\count343
\l__xeCJK_last_bound_dim=\dimen265
\l__xeCJK_last_kern_dim=\dimen266
\l__xeCJK_widow_penalty_int=\count344

LaTeX template Info: Declaring template type 'xeCJK/punctuation' taking 0
(template)           argument(s) on line 2396.

\l__xeCJK_fixed_punct_width_dim=\dimen267
\l__xeCJK_mixed_punct_width_dim=\dimen268
\l__xeCJK_middle_punct_width_dim=\dimen269
\l__xeCJK_fixed_margin_width_dim=\dimen270
\l__xeCJK_mixed_margin_width_dim=\dimen271
\l__xeCJK_middle_margin_width_dim=\dimen272
\l__xeCJK_bound_punct_width_dim=\dimen273
\l__xeCJK_bound_margin_width_dim=\dimen274
\l__xeCJK_margin_minimum_dim=\dimen275
\l__xeCJK_kerning_total_width_dim=\dimen276
\l__xeCJK_same_align_margin_dim=\dimen277
\l__xeCJK_different_align_margin_dim=\dimen278
\l__xeCJK_kerning_margin_width_dim=\dimen279
\l__xeCJK_kerning_margin_minimum_dim=\dimen280
\l__xeCJK_bound_dim=\dimen281
\l__xeCJK_reverse_bound_dim=\dimen282
\l__xeCJK_margin_dim=\dimen283
\l__xeCJK_minimum_bound_dim=\dimen284
\l__xeCJK_kerning_margin_dim=\dimen285
\g__xeCJK_family_int=\count345
\l__xeCJK_fam_int=\count346
\g__xeCJK_fam_allocation_int=\count347
\l__xeCJK_verb_case_int=\count348
\l__xeCJK_verb_exspace_skip=\skip77

(D:\Program\Miktex\tex/xelatex/xecjk\xeCJK.cfg
File: xeCJK.cfg 2022/08/05 v3.9.1 Configuration file for xeCJK package
))
\ccwd=\dimen286
\l__ctex_ccglue_skip=\skip78
)
\l__ctex_ziju_dim=\dimen287

(D:\Program\Miktex\tex/latex/zhnumber\zhnumber.sty
Package: zhnumber 2022/07/14 v3.0 Typesetting numbers with Chinese glyphs
\l__zhnum_scale_int=\count349
\l__zhnum_tmp_int=\count350

(D:\Program\Miktex\tex/latex/zhnumber\zhnumber-utf8.cfg
File: zhnumber-utf8.cfg 2022/07/14 v3.0 Chinese numerals with UTF8 encoding
))
(D:\Program\Miktex\tex/latex/ctex/scheme\ctex-scheme-plain.def
File: ctex-scheme-plain.def 2022/07/14 v2.5.10 Plain scheme for generic (CTEX)
)
(D:\Program\Miktex\tex/latex/ctex/fontset\ctex-fontset-windows.def
File: ctex-fontset-windows.def 2022/07/14 v2.5.10 Windows fonts definition (CTE
X)
))
(D:\Program\Miktex\tex/latex/ctex/config\ctex.cfg
File: ctex.cfg 2022/07/14 v2.5.10 Configuration file (CTEX)
)
(D:\Program\Miktex\tex/latex/newtx\newtxmath.sty
Package: newtxmath 2024/07/05 v1.752

`newtxmath' v1.752, 2024/07/05 Math macros based originally on txfonts (msharpe
) (D:\Program\Miktex\tex/latex/base\ifthen.sty
Package: ifthen 2024/03/16 v1.1e Standard LaTeX ifthen package (DPC)
)
(D:\Program\Miktex\tex/latex/xkeyval\xkeyval.sty
Package: xkeyval 2022/06/16 v2.9 package option processing (HA)

(D:\Program\Miktex\tex/generic/xkeyval\xkeyval.tex
(D:\Program\Miktex\tex/generic/xkeyval\xkvutils.tex
\XKV@toks=\toks31
\XKV@tempa@toks=\toks32
)
\XKV@depth=\count351
File: xkeyval.tex 2014/12/03 v2.7a key=value parser (HA)
))
(D:\Program\Miktex\tex/latex/oberdiek\centernot.sty
Package: centernot 2016/05/16 v1.4 Centers the not symbol horizontally (HO)
)
\tx@cntz=\count352

(D:\Program\Miktex\tex/generic/binhex\binhex.tex)
\tx@Isdigit=\count353
\tx@IsAlNum=\count354
\tx@tA=\toks33
\tx@tB=\toks34
\tx@su=\read3

amsthm NOT loaded
LaTeX Font Info:    Redeclaring symbol font `operators' on input line 402.
LaTeX Font Info:    Overwriting symbol font `operators' in version `normal'
(Font)                  OT1/cmr/m/n --> OT1/texgyretermes(0)/m/n on input line 
402.
LaTeX Font Info:    Overwriting symbol font `operators' in version `bold'
(Font)                  OT1/cmr/bx/n --> OT1/texgyretermes(0)/m/n on input line
 402.
LaTeX Font Info:    Overwriting symbol font `operators' in version `bold'
(Font)                  OT1/texgyretermes(0)/m/n --> OT1/texgyretermes(0)/b/n o
n input line 403.
LaTeX Font Info:    Redeclaring math alphabet \mathsf on input line 410.
LaTeX Font Info:    Overwriting math alphabet `\mathsf' in version `normal'
(Font)                  OT1/cmss/m/n --> OT1/texgyreheros(0)/m/n on input line 
410.
LaTeX Font Info:    Overwriting math alphabet `\mathsf' in version `bold'
(Font)                  OT1/cmss/bx/n --> OT1/texgyreheros(0)/m/n on input line
 410.
LaTeX Font Info:    Overwriting math alphabet `\mathsf' in version `bold'
(Font)                  OT1/texgyreheros(0)/m/n --> OT1/texgyreheros(0)/b/n on 
input line 412.
LaTeX Font Info:    Redeclaring math alphabet \mathit on input line 419.
LaTeX Font Info:    Overwriting math alphabet `\mathit' in version `normal'
(Font)                  OT1/cmr/m/it --> OT1/texgyretermes(0)/m/it on input lin
e 419.
LaTeX Font Info:    Overwriting math alphabet `\mathit' in version `bold'
(Font)                  OT1/cmr/bx/it --> OT1/texgyretermes(0)/m/it on input li
ne 419.
LaTeX Font Info:    Redeclaring math alphabet \mathtt on input line 420.
LaTeX Font Info:    Overwriting math alphabet `\mathtt' in version `normal'
(Font)                  OT1/cmtt/m/n --> TU/lmtt/m/n on input line 420.
LaTeX Font Info:    Overwriting math alphabet `\mathtt' in version `bold'
(Font)                  OT1/cmtt/m/n --> TU/lmtt/m/n on input line 420.
LaTeX Font Info:    Redeclaring math alphabet \mathbf on input line 422.
LaTeX Font Info:    Overwriting math alphabet `\mathbf' in version `normal'
(Font)                  OT1/cmr/bx/n --> OT1/texgyretermes(0)/b/n on input line
 422.
LaTeX Font Info:    Overwriting math alphabet `\mathbf' in version `bold'
(Font)                  OT1/cmr/bx/n --> OT1/texgyretermes(0)/b/n on input line
 422.
LaTeX Font Info:    Overwriting math alphabet `\mathit' in version `bold'
(Font)                  OT1/texgyretermes(0)/m/it --> OT1/texgyretermes(0)/b/it
 on input line 423.
LaTeX Font Info:    Overwriting math alphabet `\mathtt' in version `bold'
(Font)                  TU/lmtt/m/n --> TU/lmtt/b/n on input line 426.
LaTeX Font Info:    Redeclaring symbol font `letters' on input line 534.
LaTeX Font Info:    Overwriting symbol font `letters' in version `normal'
(Font)                  OML/cmm/m/it --> OML/ntxmi/m/it on input line 534.
LaTeX Font Info:    Overwriting symbol font `letters' in version `bold'
(Font)                  OML/cmm/b/it --> OML/ntxmi/m/it on input line 534.
LaTeX Font Info:    Overwriting symbol font `letters' in version `bold'
(Font)                  OML/ntxmi/m/it --> OML/ntxmi/b/it on input line 535.
\symlettersA=\mathgroup6
LaTeX Font Info:    Overwriting symbol font `lettersA' in version `bold'
(Font)                  U/ntxmia/m/it --> U/ntxmia/b/it on input line 582.
LaTeX Font Info:    Redeclaring math alphabet \mathfrak on input line 584.
LaTeX Font Info:    Redeclaring symbol font `symbols' on input line 604.
LaTeX Font Info:    Encoding `OMS' has changed to `LMS' for symbol font
(Font)              `symbols' in the math version `normal' on input line 604.
LaTeX Font Info:    Overwriting symbol font `symbols' in version `normal'
(Font)                  OMS/cmsy/m/n --> LMS/ntxsy/m/n on input line 604.
LaTeX Font Info:    Encoding `OMS' has changed to `LMS' for symbol font
(Font)              `symbols' in the math version `bold' on input line 604.
LaTeX Font Info:    Overwriting symbol font `symbols' in version `bold'
(Font)                  OMS/cmsy/b/n --> LMS/ntxsy/m/n on input line 604.
LaTeX Font Info:    Overwriting symbol font `symbols' in version `bold'
(Font)                  LMS/ntxsy/m/n --> LMS/ntxsy/b/n on input line 605.
\symAMSm=\mathgroup7
LaTeX Font Info:    Overwriting symbol font `AMSm' in version `bold'
(Font)                  U/ntxsym/m/n --> U/ntxsym/b/n on input line 630.
\symsymbolsC=\mathgroup8
LaTeX Font Info:    Overwriting symbol font `symbolsC' in version `bold'
(Font)                  U/ntxsyc/m/n --> U/ntxsyc/b/n on input line 651.
LaTeX Font Info:    Redeclaring symbol font `largesymbols' on input line 664.
LaTeX Font Info:    Encoding `OMX' has changed to `LMX' for symbol font
(Font)              `largesymbols' in the math version `normal' on input line 6
64.
LaTeX Font Info:    Overwriting symbol font `largesymbols' in version `normal'
(Font)                  OMX/cmex/m/n --> LMX/ntxexx/m/n on input line 664.
LaTeX Font Info:    Encoding `OMX' has changed to `LMX' for symbol font
(Font)              `largesymbols' in the math version `bold' on input line 664
.
LaTeX Font Info:    Overwriting symbol font `largesymbols' in version `bold'
(Font)                  OMX/cmex/m/n --> LMX/ntxexx/m/n on input line 664.
LaTeX Font Info:    Overwriting symbol font `largesymbols' in version `bold'
(Font)                  LMX/ntxexx/m/n --> LMX/ntxexx/b/n on input line 665.
\symlargesymbolsTXA=\mathgroup9
LaTeX Font Info:    Overwriting symbol font `largesymbolsTXA' in version `bold'

(Font)                  U/ntxexa/m/n --> U/ntxexa/b/n on input line 679.
\tx@sbptoks=\toks35
LaTeX Font Info:    Redeclaring math delimiter \lfloor on input line 902.
LaTeX Font Info:    Redeclaring math delimiter \rfloor on input line 903.
LaTeX Font Info:    Redeclaring math delimiter \lceil on input line 904.
LaTeX Font Info:    Redeclaring math delimiter \rceil on input line 905.
LaTeX Font Info:    Redeclaring math delimiter \lbrace on input line 910.
LaTeX Font Info:    Redeclaring math delimiter \rbrace on input line 911.
LaTeX Font Info:    Redeclaring math delimiter \langle on input line 913.
LaTeX Font Info:    Redeclaring math delimiter \rangle on input line 915.
LaTeX Font Info:    Redeclaring math delimiter \arrowvert on input line 919.
LaTeX Font Info:    Redeclaring math delimiter \vert on input line 920.
LaTeX Font Info:    Redeclaring math accent \dot on input line 991.
LaTeX Font Info:    Redeclaring math accent \ddot on input line 992.
LaTeX Font Info:    Redeclaring math accent \vec on input line 2057.
LaTeX Info: Redefining \Bbbk on input line 2847.
LaTeX Info: Redefining \not on input line 2995.
LaTeX Info: Redefining \textsquare on input line 3025.
LaTeX Info: Redefining \openbox on input line 3027.
) (D:\Program\Miktex\tex/latex/esint\esint.sty
Package: esint 
\symlargesymbolsA=\mathgroup10
)
\symCMlargesymbols=\mathgroup11

(D:\Program\Miktex\tex/latex/biblatex\biblatex.sty
Package: biblatex 2024/03/21 v3.20 programmable bibliographies (PK/MW)

(D:\Program\Miktex\tex/latex/logreq\logreq.sty
Package: logreq 2010/08/04 v1.0 xml request logger
\lrq@indent=\count355

(D:\Program\Miktex\tex/latex/logreq\logreq.def
File: logreq.def 2010/08/04 v1.0 logreq spec v1.0
))
\c@tabx@nest=\count356
\c@listtotal=\count357
\c@listcount=\count358
\c@liststart=\count359
\c@liststop=\count360
\c@citecount=\count361
\c@citetotal=\count362
\c@multicitecount=\count363
\c@multicitetotal=\count364
\c@instcount=\count365
\c@maxnames=\count366
\c@minnames=\count367
\c@maxitems=\count368
\c@minitems=\count369
\c@citecounter=\count370
\c@maxcitecounter=\count371
\c@savedcitecounter=\count372
\c@uniquelist=\count373
\c@uniquename=\count374
\c@refsection=\count375
\c@refsegment=\count376
\c@maxextratitle=\count377
\c@maxextratitleyear=\count378
\c@maxextraname=\count379
\c@maxextradate=\count380
\c@maxextraalpha=\count381
\c@abbrvpenalty=\count382
\c@highnamepenalty=\count383
\c@lownamepenalty=\count384
\c@maxparens=\count385
\c@parenlevel=\count386
\blx@tempcnta=\count387
\blx@tempcntb=\count388
\blx@tempcntc=\count389
\c@blx@maxsection=\count390
\blx@maxsegment@0=\count391
\blx@notetype=\count392
\blx@parenlevel@text=\count393
\blx@parenlevel@foot=\count394
\blx@sectionciteorder@0=\count395
\blx@sectionciteorderinternal@0=\count396
\blx@entrysetcounter=\count397
\blx@biblioinstance=\count398
\labelnumberwidth=\skip79
\labelalphawidth=\skip80
\biblabelsep=\skip81
\bibitemsep=\skip82
\bibnamesep=\skip83
\bibinitsep=\skip84
\bibparsep=\skip85
\bibhang=\skip86
\blx@bcfin=\read4
\blx@bcfout=\write4
\blx@langwohyphens=\language79
\c@mincomprange=\count399
\c@maxcomprange=\count400
\c@mincompwidth=\count401
Package biblatex Info: Trying to load biblatex default data model...
Package biblatex Info: ... file 'blx-dm.def' found.

(D:\Program\Miktex\tex/latex/biblatex\blx-dm.def
File: blx-dm.def 2024/03/21 v3.20 biblatex datamodel (PK/MW)
)
Package biblatex Info: Trying to load biblatex citestyle data model...
Package biblatex Info: ... file 'numeric-comp.dbx' not found.
Package biblatex Info: Trying to load biblatex bibstyle data model...
Package biblatex Info: ... file 'numeric.dbx' not found.
Package biblatex Info: Trying to load biblatex custom data model...
Package biblatex Info: ... file 'biblatex-dm.cfg' not found.
\c@afterword=\count402
\c@savedafterword=\count403
\c@annotator=\count404
\c@savedannotator=\count405
\c@author=\count406
\c@savedauthor=\count407
\c@bookauthor=\count408
\c@savedbookauthor=\count409
\c@commentator=\count410
\c@savedcommentator=\count411
\c@editor=\count412
\c@savededitor=\count413
\c@editora=\count414
\c@savededitora=\count415
\c@editorb=\count416
\c@savededitorb=\count417
\c@editorc=\count418
\c@savededitorc=\count419
\c@foreword=\count420
\c@savedforeword=\count421
\c@holder=\count422
\c@savedholder=\count423
\c@introduction=\count424
\c@savedintroduction=\count425
\c@namea=\count426
\c@savednamea=\count427
\c@nameb=\count428
\c@savednameb=\count429
\c@namec=\count430
\c@savednamec=\count431
\c@translator=\count432
\c@savedtranslator=\count433
\c@shortauthor=\count434
\c@savedshortauthor=\count435
\c@shorteditor=\count436
\c@savedshorteditor=\count437
\c@labelname=\count438
\c@savedlabelname=\count439
\c@institution=\count440
\c@savedinstitution=\count441
\c@lista=\count442
\c@savedlista=\count443
\c@listb=\count444
\c@savedlistb=\count445
\c@listc=\count446
\c@savedlistc=\count447
\c@listd=\count448
\c@savedlistd=\count449
\c@liste=\count450
\c@savedliste=\count451
\c@listf=\count452
\c@savedlistf=\count453
\c@location=\count454
\c@savedlocation=\count455
\c@organization=\count456
\c@savedorganization=\count457
\c@origlocation=\count458
\c@savedoriglocation=\count459
\c@origpublisher=\count460
\c@savedorigpublisher=\count461
\c@publisher=\count462
\c@savedpublisher=\count463
\c@language=\count464
\c@savedlanguage=\count465
\c@origlanguage=\count466
\c@savedoriglanguage=\count467
\c@pageref=\count468
\c@savedpageref=\count469
\shorthandwidth=\skip87
\shortjournalwidth=\skip88
\shortserieswidth=\skip89
\shorttitlewidth=\skip90
\shortauthorwidth=\skip91
\shorteditorwidth=\skip92
\locallabelnumberwidth=\skip93
\locallabelalphawidth=\skip94
\localshorthandwidth=\skip95
\localshortjournalwidth=\skip96
\localshortserieswidth=\skip97
\localshorttitlewidth=\skip98
\localshortauthorwidth=\skip99
\localshorteditorwidth=\skip100
Package biblatex Info: Trying to load enhanced support for Unicode engines...
Package biblatex Info: ... file 'blx-unicode.def' found.

(D:\Program\Miktex\tex/latex/biblatex\blx-unicode.def)
Package biblatex Info: Trying to load compatibility code...
Package biblatex Info: ... file 'blx-compat.def' found.

(D:\Program\Miktex\tex/latex/biblatex\blx-compat.def
File: blx-compat.def 2024/03/21 v3.20 biblatex compatibility (PK/MW)
)
Package biblatex Info: Trying to load BibTeX backend compatibility...
Package biblatex Info: ... file 'blx-bibtex.def' found.

(D:\Program\Miktex\tex/latex/biblatex\blx-bibtex.def
File: blx-bibtex.def 2024/03/21 v3.20 biblatex compatibility (PK/MW)


Package biblatex Warning: Using fall-back bibtex backend:
(biblatex)                functionality may be reduced/unavailable.

)
Package biblatex Info: Trying to load generic definitions...
Package biblatex Info: ... file 'biblatex.def' found.
 (D:\Program\Miktex\tex/latex/biblatex\biblatex.def
File: biblatex.def 2024/03/21 v3.20 biblatex compatibility (PK/MW)
\c@textcitecount=\count470
\c@textcitetotal=\count471
\c@textcitemaxnames=\count472
\c@biburlbigbreakpenalty=\count473
\c@biburlbreakpenalty=\count474
\c@biburlnumpenalty=\count475
\c@biburlucpenalty=\count476
\c@biburllcpenalty=\count477
\biburlbigskip=\muskip19
\biburlnumskip=\muskip20
\biburlucskip=\muskip21
\biburllcskip=\muskip22
\c@smartand=\count478
)
Package biblatex Info: Trying to load bibliography style 'numeric'...
Package biblatex Info: ... file 'numeric.bbx' found.

(D:\Program\Miktex\tex/latex/biblatex/bbx\numeric.bbx
File: numeric.bbx 2024/03/21 v3.20 biblatex bibliography style (PK/MW)
Package biblatex Info: Trying to load bibliography style 'standard'...
Package biblatex Info: ... file 'standard.bbx' found.

(D:\Program\Miktex\tex/latex/biblatex/bbx\standard.bbx
File: standard.bbx 2024/03/21 v3.20 biblatex bibliography style (PK/MW)
\c@bbx:relatedcount=\count479
\c@bbx:relatedtotal=\count480
))
Package biblatex Info: Trying to load citation style 'numeric-comp'...
Package biblatex Info: ... file 'numeric-comp.cbx' found.

(D:\Program\Miktex\tex/latex/biblatex/cbx\numeric-comp.cbx
File: numeric-comp.cbx 2024/03/21 v3.20 biblatex citation style (PK/MW)
\c@cbx@tempcnta=\count481
\c@cbx@tempcntb=\count482
\c@cbx@tempcntc=\count483
\c@cbx@tempcntd=\count484
Package biblatex Info: Redefining '\cite'.
Package biblatex Info: Redefining '\parencite'.
Package biblatex Info: Redefining '\footcite'.
Package biblatex Info: Redefining '\footcitetext'.
Package biblatex Info: Redefining '\smartcite'.
Package biblatex Info: Redefining '\supercite'.
Package biblatex Info: Redefining '\textcite'.
Package biblatex Info: Redefining '\textcites'.
Package biblatex Info: Redefining '\cites'.
Package biblatex Info: Redefining '\parencites'.
Package biblatex Info: Redefining '\smartcites'.
)
Package biblatex Info: Trying to load configuration file...
Package biblatex Info: ... file 'biblatex.cfg' found.

(D:\Program\Miktex\tex/latex/biblatex\biblatex.cfg
File: biblatex.cfg 
)
Package biblatex Info: XeTeX detected.
(biblatex)             Assuming input encoding 'utf8'.
Package biblatex Info: Document encoding is UTF8 ....
Package biblatex Info: ... and expl3
(biblatex)             2024-05-27 L3 programming layer (loader) 
(biblatex)             is new enough (at least 2020/04/06),
(biblatex)             setting 'casechanger=expl3'.

(D:\Program\Miktex\tex/latex/biblatex\blx-case-expl3.sty
Package: blx-case-expl3 2024/03/21 v3.20 expl3 case changing code for biblatex
))
(D:\Program\Miktex\tex/latex/appendix\appendix.sty
Package: appendix 2020/02/08 v1.2c extra appendix facilities
\c@@pps=\count485
\c@@ppsavesec=\count486
\c@@ppsaveapp=\count487
)
\c@theorem=\count488
\c@definition=\count489
\c@conjecture=\count490
\c@example=\count491
\c@case=\count492
\version=\toks36
\institute=\toks37

(D:\Program\Miktex\tex/latex/listings\listings.sty
\lst@mode=\count493
\lst@gtempboxa=\box107
\lst@token=\toks38
\lst@length=\count494
\lst@currlwidth=\dimen288
\lst@column=\count495
\lst@pos=\count496
\lst@lostspace=\dimen289
\lst@width=\dimen290
\lst@newlines=\count497
\lst@lineno=\count498
\lst@maxwidth=\dimen291

(D:\Program\Miktex\tex/latex/listings\lstpatch.sty
File: lstpatch.sty 2024/05/25 1.10b (Carsten Heinz)
)
(D:\Program\Miktex\tex/latex/listings\lstmisc.sty
File: lstmisc.sty 2024/05/25 1.10b (Carsten Heinz)
\c@lstnumber=\count499
\lst@skipnumbers=\count500
\lst@framebox=\box108
)
(D:\Program\Miktex\tex/latex/listings\listings.cfg
File: listings.cfg 2024/05/25 1.10b listings configuration
))
Package: listings 2024/05/25 1.10b (Carsten Heinz)

(D:\Program\Miktex\tex/xelatex/xecjk\xeCJK-listings.sty
Package: xeCJK-listings 2022/08/05 v3.9.1 xeCJK patch file for listings
\l__xeCJK_listings_max_char_int=\count501
\l__xeCJK_listings_flag_int=\count502
)
(D:\Program\Miktex\tex/latex/listings\lstlang1.sty
File: lstlang1.sty 2024/05/25 1.10b listings language file
)
(D:\Program\Miktex\tex/latex/listings\lstlang2.sty
File: lstlang2.sty 2024/05/25 1.10b listings language file
)
(D:\Program\Miktex\tex/latex/listings\lstlang3.sty
File: lstlang3.sty 2024/05/25 1.10b listings language file
)
(D:\Program\Miktex\tex/latex/listings\lstlang1.sty
File: lstlang1.sty 2024/05/25 1.10b listings language file
)
(D:\Program\Miktex\tex/latex/listings\lstlang2.sty
File: lstlang2.sty 2024/05/25 1.10b listings language file
)
(D:\Program\Miktex\tex/latex/listings\lstlang3.sty
File: lstlang3.sty 2024/05/25 1.10b listings language file
)
(D:\Program\Miktex\tex/latex/listings\lstlang1.sty
File: lstlang1.sty 2024/05/25 1.10b listings language file
)
(D:\Program\Miktex\tex/latex/listings\lstlang2.sty
File: lstlang2.sty 2024/05/25 1.10b listings language file
)
(D:\Program\Miktex\tex/latex/listings\lstlang3.sty
File: lstlang3.sty 2024/05/25 1.10b listings language file
)
(D:\Program\Miktex\tex/latex/listings\lstmisc.sty
File: lstmisc.sty 2024/05/25 1.10b (Carsten Heinz)
))
(D:\Program\Miktex\tex/latex/tools\array.sty
Package: array 2024/06/14 v2.6d Tabular extension package (FMi)
\col@sep=\dimen292
\ar@mcellbox=\box109
\extrarowheight=\dimen293
\NC@list=\toks39
\extratabsurround=\skip101
\backup@length=\skip102
\ar@cellbox=\box110
)
(D:\Program\Miktex\tex/latex/pgf/frontendlayer\tikz.sty
(D:\Program\Miktex\tex/latex/pgf/basiclayer\pgf.sty
(D:\Program\Miktex\tex/latex/pgf/utilities\pgfrcs.sty
(D:\Program\Miktex\tex/generic/pgf/utilities\pgfutil-common.tex
\pgfutil@everybye=\toks40
\pgfutil@tempdima=\dimen294
\pgfutil@tempdimb=\dimen295
)
(D:\Program\Miktex\tex/generic/pgf/utilities\pgfutil-latex.def
\pgfutil@abb=\box111
)
(D:\Program\Miktex\tex/generic/pgf/utilities\pgfrcs.code.tex
(D:\Program\Miktex\tex/generic/pgf\pgf.revision.tex)
Package: pgfrcs 2023-01-15 v3.1.10 (3.1.10)
))
Package: pgf 2023-01-15 v3.1.10 (3.1.10)

(D:\Program\Miktex\tex/latex/pgf/basiclayer\pgfcore.sty
(D:\Program\Miktex\tex/latex/pgf/systemlayer\pgfsys.sty
(D:\Program\Miktex\tex/generic/pgf/systemlayer\pgfsys.code.tex
Package: pgfsys 2023-01-15 v3.1.10 (3.1.10)

(D:\Program\Miktex\tex/generic/pgf/utilities\pgfkeys.code.tex
\pgfkeys@pathtoks=\toks41
\pgfkeys@temptoks=\toks42

(D:\Program\Miktex\tex/generic/pgf/utilities\pgfkeyslibraryfiltered.code.tex
\pgfkeys@tmptoks=\toks43
))
\pgf@x=\dimen296
\pgf@y=\dimen297
\pgf@xa=\dimen298
\pgf@ya=\dimen299
\pgf@xb=\dimen300
\pgf@yb=\dimen301
\pgf@xc=\dimen302
\pgf@yc=\dimen303
\pgf@xd=\dimen304
\pgf@yd=\dimen305
\w@pgf@writea=\write5
\r@pgf@reada=\read5
\c@pgf@counta=\count503
\c@pgf@countb=\count504
\c@pgf@countc=\count505
\c@pgf@countd=\count506
\t@pgf@toka=\toks44
\t@pgf@tokb=\toks45
\t@pgf@tokc=\toks46
\pgf@sys@id@count=\count507

(D:\Program\Miktex\tex/generic/pgf/systemlayer\pgf.cfg
File: pgf.cfg 2023-01-15 v3.1.10 (3.1.10)
)
Driver file for pgf: pgfsys-xetex.def

(D:\Program\Miktex\tex/generic/pgf/systemlayer\pgfsys-xetex.def
File: pgfsys-xetex.def 2023-01-15 v3.1.10 (3.1.10)

(D:\Program\Miktex\tex/generic/pgf/systemlayer\pgfsys-dvipdfmx.def
File: pgfsys-dvipdfmx.def 2023-01-15 v3.1.10 (3.1.10)

(D:\Program\Miktex\tex/generic/pgf/systemlayer\pgfsys-common-pdf.def
File: pgfsys-common-pdf.def 2023-01-15 v3.1.10 (3.1.10)
)
\pgfsys@objnum=\count508
)))
(D:\Program\Miktex\tex/generic/pgf/systemlayer\pgfsyssoftpath.code.tex
File: pgfsyssoftpath.code.tex 2023-01-15 v3.1.10 (3.1.10)
\pgfsyssoftpath@smallbuffer@items=\count509
\pgfsyssoftpath@bigbuffer@items=\count510
)
(D:\Program\Miktex\tex/generic/pgf/systemlayer\pgfsysprotocol.code.tex
File: pgfsysprotocol.code.tex 2023-01-15 v3.1.10 (3.1.10)
))
(D:\Program\Miktex\tex/generic/pgf/basiclayer\pgfcore.code.tex
Package: pgfcore 2023-01-15 v3.1.10 (3.1.10)

(D:\Program\Miktex\tex/generic/pgf/math\pgfmath.code.tex
(D:\Program\Miktex\tex/generic/pgf/math\pgfmathutil.code.tex)
(D:\Program\Miktex\tex/generic/pgf/math\pgfmathparser.code.tex
\pgfmath@dimen=\dimen306
\pgfmath@count=\count511
\pgfmath@box=\box112
\pgfmath@toks=\toks47
\pgfmath@stack@operand=\toks48
\pgfmath@stack@operation=\toks49
)
(D:\Program\Miktex\tex/generic/pgf/math\pgfmathfunctions.code.tex)
(D:\Program\Miktex\tex/generic/pgf/math\pgfmathfunctions.basic.code.tex)
(D:\Program\Miktex\tex/generic/pgf/math\pgfmathfunctions.trigonometric.code.tex
) (D:\Program\Miktex\tex/generic/pgf/math\pgfmathfunctions.random.code.tex)
(D:\Program\Miktex\tex/generic/pgf/math\pgfmathfunctions.comparison.code.tex)
(D:\Program\Miktex\tex/generic/pgf/math\pgfmathfunctions.base.code.tex)
(D:\Program\Miktex\tex/generic/pgf/math\pgfmathfunctions.round.code.tex)
(D:\Program\Miktex\tex/generic/pgf/math\pgfmathfunctions.misc.code.tex)
(D:\Program\Miktex\tex/generic/pgf/math\pgfmathfunctions.integerarithmetics.cod
e.tex) (D:\Program\Miktex\tex/generic/pgf/math\pgfmathcalc.code.tex)
(D:\Program\Miktex\tex/generic/pgf/math\pgfmathfloat.code.tex
\c@pgfmathroundto@lastzeros=\count512
))
(D:\Program\Miktex\tex/generic/pgf/math\pgfint.code.tex)
(D:\Program\Miktex\tex/generic/pgf/basiclayer\pgfcorepoints.code.tex
File: pgfcorepoints.code.tex 2023-01-15 v3.1.10 (3.1.10)
\pgf@picminx=\dimen307
\pgf@picmaxx=\dimen308
\pgf@picminy=\dimen309
\pgf@picmaxy=\dimen310
\pgf@pathminx=\dimen311
\pgf@pathmaxx=\dimen312
\pgf@pathminy=\dimen313
\pgf@pathmaxy=\dimen314
\pgf@xx=\dimen315
\pgf@xy=\dimen316
\pgf@yx=\dimen317
\pgf@yy=\dimen318
\pgf@zx=\dimen319
\pgf@zy=\dimen320
)
(D:\Program\Miktex\tex/generic/pgf/basiclayer\pgfcorepathconstruct.code.tex
File: pgfcorepathconstruct.code.tex 2023-01-15 v3.1.10 (3.1.10)
\pgf@path@lastx=\dimen321
\pgf@path@lasty=\dimen322
)
(D:\Program\Miktex\tex/generic/pgf/basiclayer\pgfcorepathusage.code.tex
File: pgfcorepathusage.code.tex 2023-01-15 v3.1.10 (3.1.10)
\pgf@shorten@end@additional=\dimen323
\pgf@shorten@start@additional=\dimen324
)
(D:\Program\Miktex\tex/generic/pgf/basiclayer\pgfcorescopes.code.tex
File: pgfcorescopes.code.tex 2023-01-15 v3.1.10 (3.1.10)
\pgfpic=\box113
\pgf@hbox=\box114
\pgf@layerbox@main=\box115
\pgf@picture@serial@count=\count513
)
(D:\Program\Miktex\tex/generic/pgf/basiclayer\pgfcoregraphicstate.code.tex
File: pgfcoregraphicstate.code.tex 2023-01-15 v3.1.10 (3.1.10)
\pgflinewidth=\dimen325
)
(D:\Program\Miktex\tex/generic/pgf/basiclayer\pgfcoretransformations.code.tex
File: pgfcoretransformations.code.tex 2023-01-15 v3.1.10 (3.1.10)
\pgf@pt@x=\dimen326
\pgf@pt@y=\dimen327
\pgf@pt@temp=\dimen328
)
(D:\Program\Miktex\tex/generic/pgf/basiclayer\pgfcorequick.code.tex
File: pgfcorequick.code.tex 2023-01-15 v3.1.10 (3.1.10)
)
(D:\Program\Miktex\tex/generic/pgf/basiclayer\pgfcoreobjects.code.tex
File: pgfcoreobjects.code.tex 2023-01-15 v3.1.10 (3.1.10)
)
(D:\Program\Miktex\tex/generic/pgf/basiclayer\pgfcorepathprocessing.code.tex
File: pgfcorepathprocessing.code.tex 2023-01-15 v3.1.10 (3.1.10)
)
(D:\Program\Miktex\tex/generic/pgf/basiclayer\pgfcorearrows.code.tex
File: pgfcorearrows.code.tex 2023-01-15 v3.1.10 (3.1.10)
\pgfarrowsep=\dimen329
)
(D:\Program\Miktex\tex/generic/pgf/basiclayer\pgfcoreshade.code.tex
File: pgfcoreshade.code.tex 2023-01-15 v3.1.10 (3.1.10)
\pgf@max=\dimen330
\pgf@sys@shading@range@num=\count514
\pgf@shadingcount=\count515
)
(D:\Program\Miktex\tex/generic/pgf/basiclayer\pgfcoreimage.code.tex
File: pgfcoreimage.code.tex 2023-01-15 v3.1.10 (3.1.10)
)
(D:\Program\Miktex\tex/generic/pgf/basiclayer\pgfcoreexternal.code.tex
File: pgfcoreexternal.code.tex 2023-01-15 v3.1.10 (3.1.10)
\pgfexternal@startupbox=\box116
)
(D:\Program\Miktex\tex/generic/pgf/basiclayer\pgfcorelayers.code.tex
File: pgfcorelayers.code.tex 2023-01-15 v3.1.10 (3.1.10)
)
(D:\Program\Miktex\tex/generic/pgf/basiclayer\pgfcoretransparency.code.tex
File: pgfcoretransparency.code.tex 2023-01-15 v3.1.10 (3.1.10)
)
(D:\Program\Miktex\tex/generic/pgf/basiclayer\pgfcorepatterns.code.tex
File: pgfcorepatterns.code.tex 2023-01-15 v3.1.10 (3.1.10)
)
(D:\Program\Miktex\tex/generic/pgf/basiclayer\pgfcorerdf.code.tex
File: pgfcorerdf.code.tex 2023-01-15 v3.1.10 (3.1.10)
)))
(D:\Program\Miktex\tex/generic/pgf/modules\pgfmoduleshapes.code.tex
File: pgfmoduleshapes.code.tex 2023-01-15 v3.1.10 (3.1.10)
\pgfnodeparttextbox=\box117
)
(D:\Program\Miktex\tex/generic/pgf/modules\pgfmoduleplot.code.tex
File: pgfmoduleplot.code.tex 2023-01-15 v3.1.10 (3.1.10)
)
(D:\Program\Miktex\tex/latex/pgf/compatibility\pgfcomp-version-0-65.sty
Package: pgfcomp-version-0-65 2023-01-15 v3.1.10 (3.1.10)
\pgf@nodesepstart=\dimen331
\pgf@nodesepend=\dimen332
)
(D:\Program\Miktex\tex/latex/pgf/compatibility\pgfcomp-version-1-18.sty
Package: pgfcomp-version-1-18 2023-01-15 v3.1.10 (3.1.10)
))
(D:\Program\Miktex\tex/latex/pgf/utilities\pgffor.sty
(D:\Program\Miktex\tex/latex/pgf/utilities\pgfkeys.sty
(D:\Program\Miktex\tex/generic/pgf/utilities\pgfkeys.code.tex))
(D:\Program\Miktex\tex/latex/pgf/math\pgfmath.sty
(D:\Program\Miktex\tex/generic/pgf/math\pgfmath.code.tex))
(D:\Program\Miktex\tex/generic/pgf/utilities\pgffor.code.tex
Package: pgffor 2023-01-15 v3.1.10 (3.1.10)
\pgffor@iter=\dimen333
\pgffor@skip=\dimen334
\pgffor@stack=\toks50
\pgffor@toks=\toks51
))
(D:\Program\Miktex\tex/generic/pgf/frontendlayer/tikz\tikz.code.tex
Package: tikz 2023-01-15 v3.1.10 (3.1.10)

(D:\Program\Miktex\tex/generic/pgf/libraries\pgflibraryplothandlers.code.tex
File: pgflibraryplothandlers.code.tex 2023-01-15 v3.1.10 (3.1.10)
\pgf@plot@mark@count=\count516
\pgfplotmarksize=\dimen335
)
\tikz@lastx=\dimen336
\tikz@lasty=\dimen337
\tikz@lastxsaved=\dimen338
\tikz@lastysaved=\dimen339
\tikz@lastmovetox=\dimen340
\tikz@lastmovetoy=\dimen341
\tikzleveldistance=\dimen342
\tikzsiblingdistance=\dimen343
\tikz@figbox=\box118
\tikz@figbox@bg=\box119
\tikz@tempbox=\box120
\tikz@tempbox@bg=\box121
\tikztreelevel=\count517
\tikznumberofchildren=\count518
\tikznumberofcurrentchild=\count519
\tikz@fig@count=\count520

(D:\Program\Miktex\tex/generic/pgf/modules\pgfmodulematrix.code.tex
File: pgfmodulematrix.code.tex 2023-01-15 v3.1.10 (3.1.10)
\pgfmatrixcurrentrow=\count521
\pgfmatrixcurrentcolumn=\count522
\pgf@matrix@numberofcolumns=\count523
)
\tikz@expandcount=\count524

(D:\Program\Miktex\tex/generic/pgf/frontendlayer/tikz/libraries\tikzlibrarytopa
ths.code.tex
File: tikzlibrarytopaths.code.tex 2023-01-15 v3.1.10 (3.1.10)
)))
(D:\Program\Miktex\tex/generic/pgf/frontendlayer/tikz/libraries\tikzlibraryfit.
code.tex
File: tikzlibraryfit.code.tex 2023-01-15 v3.1.10 (3.1.10)
)
\@quotelevel=\count525
\@quotereset=\count526
 (深度学习讲故事.aux)
\openout1 = `深度学习讲故事.aux'.

LaTeX Font Info:    Checking defaults for OML/ntxmi/m/it on input line 21.
LaTeX Font Info:    Trying to load font information for OML+ntxmi on input line
 21.
 (D:\Program\Miktex\tex/latex/newtx\omlntxmi.fd
File: omlntxmi.fd 2015/08/25 Fontinst v1.933 font definitions for OML/ntxmi.
)
LaTeX Font Info:    ... okay on input line 21.
LaTeX Font Info:    Checking defaults for OMS/cmsy/m/n on input line 21.
LaTeX Font Info:    ... okay on input line 21.
LaTeX Font Info:    Checking defaults for OT1/cmr/m/n on input line 21.
LaTeX Font Info:    ... okay on input line 21.
LaTeX Font Info:    Checking defaults for T1/cmr/m/n on input line 21.
LaTeX Font Info:    ... okay on input line 21.
LaTeX Font Info:    Checking defaults for TS1/cmr/m/n on input line 21.
LaTeX Font Info:    ... okay on input line 21.
LaTeX Font Info:    Checking defaults for TU/lmr/m/n on input line 21.
LaTeX Font Info:    ... okay on input line 21.
LaTeX Font Info:    Checking defaults for OMX/cmex/m/n on input line 21.
LaTeX Font Info:    ... okay on input line 21.
LaTeX Font Info:    Checking defaults for U/ntxexa/m/n on input line 21.
LaTeX Font Info:    Trying to load font information for U+ntxexa on input line 
21.

(D:\Program\Miktex\tex/latex/newtx\untxexa.fd
File: untxexa.fd 2012/04/16 Fontinst v1.933 font definitions for U/ntxexa.
)
LaTeX Font Info:    ... okay on input line 21.
LaTeX Font Info:    Checking defaults for PD1/pdf/m/n on input line 21.
LaTeX Font Info:    ... okay on input line 21.
LaTeX Font Info:    Checking defaults for PU/pdf/m/n on input line 21.
LaTeX Font Info:    ... okay on input line 21.
LaTeX Font Info:    Checking defaults for LMS/ntxsy/m/n on input line 21.
LaTeX Font Info:    Trying to load font information for LMS+ntxsy on input line
 21.

(D:\Program\Miktex\tex/latex/newtx\lmsntxsy.fd
File: lmsntxsy.fd 2016/07/02 Fontinst v1.933 font definitions for LMS/ntxsy.
)
LaTeX Font Info:    ... okay on input line 21.
LaTeX Font Info:    Checking defaults for LMX/ntxexx/m/n on input line 21.
LaTeX Font Info:    Trying to load font information for LMX+ntxexx on input lin
e 21.

(D:\Program\Miktex\tex/latex/newtx\lmxntxexx.fd
File: lmxntxexx.fd 2016/07/03 Fontinst v1.933 font definitions for LMX/ntxexx.
)
LaTeX Font Info:    ... okay on input line 21.
Package hyperref Info: Link coloring ON on input line 21.
 (深度学习讲故事.out) (深度学习讲故事.out)
\@outlinefile=\write6
\openout6 = `深度学习讲故事.out'.


*geometry* driver: auto-detecting
*geometry* detected driver: xetex
*geometry* verbose mode - [ preamble ] result:
* driver: xetex
* paper: a4paper
* layout: <same size as paper>
* layoutoffset:(h,v)=(0.0pt,0.0pt)
* modes: 
* h-part:(L,W,R)=(72.26999pt, 452.9679pt, 72.26999pt)
* v-part:(T,H,B)=(72.26999pt, 700.50687pt, 72.26999pt)
* \paperwidth=597.50787pt
* \paperheight=845.04684pt
* \textwidth=452.9679pt
* \textheight=700.50687pt
* \oddsidemargin=0.0pt
* \evensidemargin=0.0pt
* \topmargin=0.0pt
* \headheight=0.0pt
* \headsep=5.0pt
* \topskip=10.0pt
* \footskip=30.0pt
* \marginparwidth=57.0pt
* \marginparsep=11.0pt
* \columnsep=10.0pt
* \skip\footins=9.0pt plus 4.0pt minus 2.0pt
* \hoffset=0.0pt
* \voffset=0.0pt
* \mag=1000
* \@twocolumnfalse
* \@twosidefalse
* \@mparswitchfalse
* \@reversemarginfalse
* (1in=72.27pt=25.4mm, 1cm=28.453pt)

LaTeX Info: Command `\dddot' is already robust on input line 21.
LaTeX Info: Command `\ddddot' is already robust on input line 21.
Package caption Info: Begin \AtBeginDocument code.
Package caption Info: listings package is loaded.
Package caption Info: End \AtBeginDocument code.
Package biblatex Info: Trying to load language 'english'...
Package biblatex Info: ... file 'english.lbx' found.
(D:\Program\Miktex\tex/latex/biblatex/lbx\english.lbx
File: english.lbx 2024/03/21 v3.20 biblatex localization (PK/MW)
)
Package biblatex Info: XeTeX detected.
(biblatex)             Assuming input encoding 'utf8'.
Package biblatex Info: Automatic encoding selection.
(biblatex)             Assuming data encoding 'utf8'.
Package biblatex Info: XeTeX detected.
(biblatex)             Assuming input encoding 'utf8'.
Package biblatex Info: Data encoding 'utf8' specified.
(biblatex)             No need to reencode data.
\openout4 = `深度学习讲故事-blx.bib'.

Package biblatex Info: Trying to load bibliographic data...
Package biblatex Info: ... file '深度学习讲故事.bbl' found.
 (深度学习讲故事.bbl
LaTeX Font Info:    Font shape `TU/texgyretermes(0)/m/n' will be
(Font)              scaled to size 8.0pt on input line 51.
Invalid UTF-8 byte or sequence at line 168 replaced by U+FFFD.
Invalid UTF-8 byte or sequence at line 170 replaced by U+FFFD.
Invalid UTF-8 byte or sequence at line 173 replaced by U+FFFD.
Invalid UTF-8 byte or sequence at line 174 replaced by U+FFFD.
Invalid UTF-8 byte or sequence at line 177 replaced by U+FFFD.
Invalid UTF-8 byte or sequence at line 178 replaced by U+FFFD.
)
Package biblatex Info: Reference section=0 on input line 21.
Package biblatex Info: Reference segment=0 on input line 21.

(D:\Program\Miktex\tex/latex/footmisc\footmisc.sty
Package: footmisc 2023/07/05 v6.0f a miscellany of footnote facilities
\FN@temptoken=\toks52
\footnotemargin=\dimen344
\@outputbox@depth=\dimen345
Package footmisc Info: Declaring symbol style bringhurst on input line 696.
Package footmisc Info: Declaring symbol style chicago on input line 704.
Package footmisc Info: Declaring symbol style wiley on input line 713.
Package footmisc Info: Declaring symbol style lamport-robust on input line 724.

Package footmisc Info: Declaring symbol style lamport* on input line 744.
Package footmisc Info: Declaring symbol style lamport*-robust on input line 765
.
)
\c@lstlisting=\count527
LaTeX Font Info:    Font shape `TU/texgyretermes(0)/m/n' will be
(Font)              scaled to size 17.28pt on input line 23.
LaTeX Font Info:    Font shape `TU/texgyretermes(0)/b/n' will be
(Font)              scaled to size 17.28pt on input line 23.
LaTeX Font Info:    Font shape `TU/texgyretermes(0)/m/n' will be
(Font)              scaled to size 12.0pt on input line 23.
LaTeX Font Info:    Font shape `TU/texgyretermes(0)/m/n' will be
(Font)              scaled to size 9.0pt on input line 23.
LaTeX Font Info:    Trying to load font information for OT1+texgyretermes(0) on
 input line 23.
LaTeX Font Info:    No file OT1texgyretermes(0).fd. on input line 23.


LaTeX Font Warning: Font shape `OT1/texgyretermes(0)/m/n' undefined
(Font)              using `OT1/cmr/m/n' instead on input line 23.

LaTeX Font Info:    Font shape `OML/ntxmi/m/it' will be
(Font)              scaled to size 9.0pt on input line 23.
LaTeX Font Info:    Font shape `OML/ntxmi/m/it' will be
(Font)              scaled to size 7.3pt on input line 23.
LaTeX Font Info:    Font shape `OML/ntxmi/m/it' will be
(Font)              scaled to size 5.5pt on input line 23.
LaTeX Font Info:    Font shape `LMS/ntxsy/m/n' will be
(Font)              scaled to size 9.0pt on input line 23.
LaTeX Font Info:    Font shape `LMS/ntxsy/m/n' will be
(Font)              scaled to size 7.3pt on input line 23.
LaTeX Font Info:    Font shape `LMS/ntxsy/m/n' will be
(Font)              scaled to size 5.5pt on input line 23.
LaTeX Font Info:    Font shape `LMX/ntxexx/m/n' will be
(Font)              scaled to size 9.0pt on input line 23.
LaTeX Font Info:    Font shape `LMX/ntxexx/m/n' will be
(Font)              scaled to size 7.3pt on input line 23.
LaTeX Font Info:    Font shape `LMX/ntxexx/m/n' will be
(Font)              scaled to size 5.5pt on input line 23.
LaTeX Font Info:    Trying to load font information for U+msa on input line 23.

(D:\Program\Miktex\tex/latex/amsfonts\umsa.fd
File: umsa.fd 2013/01/14 v3.01 AMS symbols A
)
LaTeX Font Info:    Trying to load font information for U+msb on input line 23.


(D:\Program\Miktex\tex/latex/amsfonts\umsb.fd
File: umsb.fd 2013/01/14 v3.01 AMS symbols B
)
LaTeX Font Info:    Trying to load font information for U+ntxmia on input line 
23.

(D:\Program\Miktex\tex/latex/newtx\untxmia.fd
File: untxmia.fd 2024/04/09 Fontinst v1.933 font definitions for U/ntxmia.
)
LaTeX Font Info:    Font shape `U/ntxmia/m/it' will be
(Font)              scaled to size 9.0pt on input line 23.
LaTeX Font Info:    Font shape `U/ntxmia/m/it' will be
(Font)              scaled to size 7.3pt on input line 23.
LaTeX Font Info:    Font shape `U/ntxmia/m/it' will be
(Font)              scaled to size 5.5pt on input line 23.
LaTeX Font Info:    Trying to load font information for U+ntxsym on input line 
23.

(D:\Program\Miktex\tex/latex/newtx\untxsym.fd
File: untxsym.fd 2023/08/16 Fontinst v1.933 font definitions for U/ntxsym.
)
LaTeX Font Info:    Font shape `U/ntxsym/m/n' will be
(Font)              scaled to size 9.0pt on input line 23.
LaTeX Font Info:    Font shape `U/ntxsym/m/n' will be
(Font)              scaled to size 7.3pt on input line 23.
LaTeX Font Info:    Font shape `U/ntxsym/m/n' will be
(Font)              scaled to size 5.5pt on input line 23.
LaTeX Font Info:    Trying to load font information for U+ntxsyc on input line 
23.

(D:\Program\Miktex\tex/latex/newtx\untxsyc.fd
File: untxsyc.fd 2012/04/12 Fontinst v1.933 font definitions for U/ntxsyc.
)
LaTeX Font Info:    Font shape `U/ntxsyc/m/n' will be
(Font)              scaled to size 9.0pt on input line 23.
LaTeX Font Info:    Font shape `U/ntxsyc/m/n' will be
(Font)              scaled to size 7.3pt on input line 23.
LaTeX Font Info:    Font shape `U/ntxsyc/m/n' will be
(Font)              scaled to size 5.5pt on input line 23.
LaTeX Font Info:    Font shape `U/ntxexa/m/n' will be
(Font)              scaled to size 9.0pt on input line 23.
LaTeX Font Info:    Font shape `U/ntxexa/m/n' will be
(Font)              scaled to size 7.3pt on input line 23.
LaTeX Font Info:    Font shape `U/ntxexa/m/n' will be
(Font)              scaled to size 5.5pt on input line 23.
LaTeX Font Info:    Trying to load font information for U+esint on input line 2
3.

(D:\Program\Miktex\tex/latex/esint\uesint.fd
File: uesint.fd 
) (contents/Ch1-DL-introduction.tex
LaTeX Font Info:    Font shape `TU/texgyretermes(0)/m/it' will be
(Font)              scaled to size 10.0pt on input line 3.
LaTeX Font Info:    Font shape `TU/texgyretermes(0)/b/n' will be
(Font)              scaled to size 10.0pt on input line 3.
LaTeX Font Info:    Font shape `TU/texgyretermes(0)/m/n' will be
(Font)              scaled to size 14.4pt on input line 6.
LaTeX Font Info:    Font shape `TU/texgyretermes(0)/b/n' will be
(Font)              scaled to size 14.4pt on input line 6.
LaTeX Font Info:    Font shape `TU/texgyretermes(0)/b/n' will be
(Font)              scaled to size 12.0pt on input line 12.
LaTeX Font Info:    Font shape `OML/ntxmi/m/it' will be
(Font)              scaled to size 10.0pt on input line 18.
LaTeX Font Info:    Font shape `LMS/ntxsy/m/n' will be
(Font)              scaled to size 10.0pt on input line 18.
LaTeX Font Info:    Font shape `LMX/ntxexx/m/n' will be
(Font)              scaled to size 10.0pt on input line 18.
LaTeX Font Info:    Font shape `U/ntxmia/m/it' will be
(Font)              scaled to size 10.0pt on input line 18.
LaTeX Font Info:    Font shape `U/ntxsym/m/n' will be
(Font)              scaled to size 10.0pt on input line 18.
LaTeX Font Info:    Font shape `U/ntxsyc/m/n' will be
(Font)              scaled to size 10.0pt on input line 18.
LaTeX Font Info:    Font shape `U/ntxexa/m/n' will be
(Font)              scaled to size 10.0pt on input line 18.


[1

]
LaTeX Font Info:    Font shape `TU/texgyretermes(0)/m/n' will be
(Font)              scaled to size 7.3pt on input line 65.
LaTeX Font Info:    Font shape `TU/texgyretermes(0)/m/n' will be
(Font)              scaled to size 5.5pt on input line 65.


[2]
File: images/sigmoid.png Graphic file (type bmp)
<images/sigmoid.png>
LaTeX Font Info:    Font shape `TU/texgyretermes(0)/b/n' will be
(Font)              scaled to size 9.0pt on input line 141.
File: images/tanh.png Graphic file (type bmp)
<images/tanh.png>


[3]
File: images/bp-theory.png Graphic file (type bmp)
<images/bp-theory.png>


LaTeX Font Warning: Font shape `OT1/texgyretermes(0)/b/n' undefined
(Font)              using `OT1/texgyretermes(0)/m/n' instead on input line 207.




[4]
LaTeX Font Info:    Font shape `OML/ntxmi/m/it' will be
(Font)              scaled to size 8.0pt on input line 237.
LaTeX Font Info:    Font shape `OML/ntxmi/m/it' will be
(Font)              scaled to size 6.2pt on input line 237.
LaTeX Font Info:    Font shape `LMS/ntxsy/m/n' will be
(Font)              scaled to size 8.0pt on input line 237.
LaTeX Font Info:    Font shape `LMS/ntxsy/m/n' will be
(Font)              scaled to size 6.2pt on input line 237.
LaTeX Font Info:    Font shape `LMX/ntxexx/m/n' will be
(Font)              scaled to size 8.0pt on input line 237.
LaTeX Font Info:    Font shape `LMX/ntxexx/m/n' will be
(Font)              scaled to size 6.2pt on input line 237.
LaTeX Font Info:    Font shape `U/ntxmia/m/it' will be
(Font)              scaled to size 8.0pt on input line 237.
LaTeX Font Info:    Font shape `U/ntxmia/m/it' will be
(Font)              scaled to size 6.2pt on input line 237.
LaTeX Font Info:    Font shape `U/ntxsym/m/n' will be
(Font)              scaled to size 8.0pt on input line 237.
LaTeX Font Info:    Font shape `U/ntxsym/m/n' will be
(Font)              scaled to size 6.2pt on input line 237.
LaTeX Font Info:    Font shape `U/ntxsyc/m/n' will be
(Font)              scaled to size 8.0pt on input line 237.
LaTeX Font Info:    Font shape `U/ntxsyc/m/n' will be
(Font)              scaled to size 6.2pt on input line 237.
LaTeX Font Info:    Font shape `U/ntxexa/m/n' will be
(Font)              scaled to size 8.0pt on input line 237.
LaTeX Font Info:    Font shape `U/ntxexa/m/n' will be
(Font)              scaled to size 6.2pt on input line 237.
LaTeX Font Info:    Font shape `TU/texgyretermes(0)/m/n' will be
(Font)              scaled to size 6.2pt on input line 237.


[5]) (contents/Ch2-PINN.tex

[6]
File: images/NLS.pdf Graphic file (type pdf)
<use images/NLS.pdf>


[7])
LaTeX Font Info:    Font shape `TU/texgyretermes(0)/m/it' will be
(Font)              scaled to size 8.0pt on input line 31.
LaTeX Font Info:    Font shape `TU/texgyretermes(0)/m/sc' will be
(Font)              scaled to size 8.0pt on input line 31.


[8] (深度学习讲故事.aux)
 ***********
LaTeX2e <2024-06-01> patch level 2
L3 programming layer <2022/08/05>
 ***********


LaTeX Font Warning: Some font shapes were not available, defaults substituted.

Package rerunfilecheck Info: File `深度学习讲故事.out' has not changed.
(rerunfilecheck)             Checksum: 09DA39C7DE0032F1C7168F0983E0705B;1532.
Package logreq Info: Writing requests to '深度学习讲故事.run.xml'.
\openout1 = `深度学习讲故事.run.xml'.

 ) 
Here is how much of TeX's memory you used:
 40422 strings out of 409034
 801579 string characters out of 5762323
 1958560 words of memory out of 5000000
 62471 multiletter control sequences out of 15000+600000
 584503 words of font info for 167 fonts, out of 8000000 for 9000
 1348 hyphenation exceptions out of 8191
 94i,11n,136p,1856b,5145s stack positions out of 10000i,1000n,20000p,200000b,200000s

Output written on 深度学习讲故事.pdf (8 pages).
